<?xml version="1.0" encoding="UTF-8"?>
<coverage generated="1637675335627" clover="3.2.0">
  <project timestamp="1637675335627" name="All files">
    <metrics statements="27" coveredstatements="27" conditionals="0" coveredconditionals="0" methods="6" coveredmethods="6" elements="33" coveredelements="33" complexity="0" loc="27" ncloc="27" packages="1" files="4" classes="4"/>
    <file name="bag.js" path="C:\All Documents\Multiverse\Airport-object\bag.js">
      <metrics statements="2" coveredstatements="2" conditionals="0" coveredconditionals="0" methods="1" coveredmethods="1"/>
      <line num="3" count="3" type="stmt"/>
      <line num="7" count="2" type="stmt"/>
    </file>
    <file name="crew.js" path="C:\All Documents\Multiverse\Airport-object\crew.js">
      <metrics statements="9" coveredstatements="9" conditionals="0" coveredconditionals="0" methods="1" coveredmethods="1"/>
      <line num="2" count="1" type="stmt"/>
      <line num="5" count="5" type="stmt"/>
      <line num="6" count="5" type="stmt"/>
      <line num="7" count="5" type="stmt"/>
      <line num="13" count="1" type="stmt"/>
      <line num="15" count="1" type="stmt"/>
      <line num="16" count="1" type="stmt"/>
      <line num="17" count="1" type="stmt"/>
      <line num="19" count="1" type="stmt"/>
    </file>
    <file name="passaenger.js" path="C:\All Documents\Multiverse\Airport-object\passaenger.js">
      <metrics statements="12" coveredstatements="12" conditionals="0" coveredconditionals="0" methods="2" coveredmethods="2"/>
      <line num="1" count="1" type="stmt"/>
      <line num="2" count="1" type="stmt"/>
      <line num="5" count="7" type="stmt"/>
      <line num="6" count="7" type="stmt"/>
      <line num="7" count="7" type="stmt"/>
      <line num="11" count="1" type="stmt"/>
      <line num="15" count="1" type="stmt"/>
      <line num="21" count="1" type="stmt"/>
      <line num="22" count="1" type="stmt"/>
      <line num="23" count="1" type="stmt"/>
      <line num="24" count="1" type="stmt"/>
      <line num="26" count="1" type="stmt"/>
    </file>
    <file name="person.js" path="C:\All Documents\Multiverse\Airport-object\person.js">
      <metrics statements="4" coveredstatements="4" conditionals="0" coveredconditionals="0" methods="2" coveredmethods="2"/>
      <line num="4" count="13" type="stmt"/>
      <line num="5" count="13" type="stmt"/>
      <line num="9" count="9" type="stmt"/>
      <line num="14" count="3" type="stmt"/>
    </file>
  </project>
</coverage>
