TN:
SF:bag.js
FN:2,(anonymous_0)
FNF:1
FNH:1
FNDA:3,(anonymous_0)
DA:3,3
DA:7,2
LF:2
LH:2
BRF:0
BRH:0
end_of_record
TN:
SF:crew.js
FN:4,(anonymous_0)
FNF:1
FNH:1
FNDA:5,(anonymous_0)
DA:2,1
DA:5,5
DA:6,5
DA:7,5
DA:13,1
DA:15,1
DA:16,1
DA:17,1
DA:19,1
LF:9
LH:9
BRF:0
BRH:0
end_of_record
TN:
SF:passaenger.js
FN:4,(anonymous_0)
FN:10,(anonymous_1)
FNF:2
FNH:2
FNDA:7,(anonymous_0)
FNDA:1,(anonymous_1)
DA:1,1
DA:2,1
DA:5,7
DA:6,7
DA:7,7
DA:11,1
DA:15,1
DA:21,1
DA:22,1
DA:23,1
DA:24,1
DA:26,1
LF:12
LH:12
BRF:0
BRH:0
end_of_record
TN:
SF:person.js
FN:3,(anonymous_0)
FN:8,(anonymous_1)
FNF:2
FNH:2
FNDA:13,(anonymous_0)
FNDA:9,(anonymous_1)
DA:4,13
DA:5,13
DA:9,9
DA:14,3
LF:4
LH:4
BRF:0
BRH:0
end_of_record
